[03:25:54] [ServerMain/INFO]: Environment: Environment[sessionHost=https://sessionserver.mojang.com, servicesHost=https://api.minecraftservices.com, name=PROD]
[03:25:54] [ServerMain/INFO]: Found new data pack file/bukkit, loading it automatically
[03:25:55] [ServerMain/INFO]: No existing world data, creating new world
[03:25:56] [ServerMain/INFO]: Loaded 1174 recipes
[03:25:56] [ServerMain/INFO]: Loaded 1271 advancements
[03:25:56] [Server thread/INFO]: Starting minecraft server version 1.20.4
[03:25:56] [Server thread/INFO]: Loading properties
[03:25:56] [Server thread/INFO]: This server is running Paper version git-Paper-497 (MC: 1.20.4) (Implementing API version 1.20.4-R0.1-SNAPSHOT) (Git: d8d54d9 on ver/1.20.4)
[03:25:57] [Server thread/INFO]: Server Ping Player Sample Count: 12
[03:25:57] [Server thread/INFO]: Using 4 threads for Netty based IO
[03:25:58] [Server thread/INFO]: [ChunkTaskScheduler] Chunk system is using 1 I/O threads, 1 worker threads, and gen parallelism of 1 threads
[03:25:58] [Server thread/WARN]: [!] The timings profiler has been enabled but has been scheduled for removal from Paper in the future.
    We recommend installing the spark profiler as a replacement: https://spark.lucko.me/
    For more information please visit: https://github.com/PaperMC/Paper/issues/8948
[03:25:58] [Server thread/INFO]: Default game type: SURVIVAL
[03:25:58] [Server thread/INFO]: Generating keypair
[03:25:58] [Server thread/INFO]: Starting Minecraft server on *:25565
[03:25:58] [Server thread/INFO]: Using epoll channel type
[03:25:58] [Server thread/INFO]: Paper: Using libdeflate (Linux x86_64) compression from Velocity.
[03:25:58] [Server thread/INFO]: Paper: Using OpenSSL 3.0.x (Linux x86_64) cipher from Velocity.
[03:25:58] [Server thread/WARN]: **** SERVER IS RUNNING IN OFFLINE/INSECURE MODE!
[03:25:58] [Server thread/WARN]: The server will make no attempt to authenticate usernames. Beware.
[03:25:58] [Server thread/WARN]: While this makes the game possible to play without internet access, it also opens up the ability for hackers to connect with any username they choose.
[03:25:58] [Server thread/WARN]: To change this, set "online-mode" to "true" in the server.properties file.
[03:25:58] [Server thread/INFO]: Preparing level "world"
[03:26:08] [Server thread/INFO]: Preparing start region for dimension minecraft:overworld
[03:26:08] [Server thread/INFO]: Time elapsed: 176 ms
[03:26:08] [Server thread/INFO]: Preparing start region for dimension minecraft:the_nether
[03:26:08] [Server thread/INFO]: Time elapsed: 80 ms
[03:26:08] [Server thread/INFO]: Preparing start region for dimension minecraft:the_end
[03:26:08] [Server thread/INFO]: Time elapsed: 67 ms
[03:26:08] [Server thread/INFO]: Running delayed init tasks
[03:26:08] [Server thread/INFO]: Done (11.775s)! For help, type "help"
[03:26:08] [Server thread/INFO]: *************************************************************************************
[03:26:08] [Server thread/INFO]: This is the first time you're starting this server.
[03:26:08] [Server thread/INFO]: It's recommended you read our 'Getting Started' documentation for guidance.
[03:26:08] [Server thread/INFO]: View this and more helpful information here: https://docs.papermc.io/paper/next-steps
[03:26:08] [Server thread/INFO]: *************************************************************************************
[03:26:08] [Server thread/INFO]: Timings Reset
